<?xml version="1.0" encoding="UTF-8"?>
<!-- Generated by org.testng.reporters.JUnitReportReporter -->
<testsuite hostname="LERA-QA" failures="0" tests="1" name="com.Eficaz.TestCases.TC_LoginTest_001" time="9.919" errors="0" timestamp="2022-10-12T15:45:13 IST" skipped="0">
  <testcase classname="com.Eficaz.TestCases.TC_LoginTest_001" name="loginTest" time="9.919"/>
  <system-out/>
</testsuite> <!-- com.Eficaz.TestCases.TC_LoginTest_001 -->
