<?xml version="1.0" encoding="UTF-8"?>
<!-- Generated by org.testng.reporters.JUnitReportReporter -->
<testsuite hostname="LERA-QA" failures="0" tests="1" name="com.Eficaz.Base.BaseClass" time="4.069" errors="0" timestamp="2022-11-09T15:04:03 IST" skipped="0">
  <testcase classname="com.Eficaz.Base.BaseClass" name="VerifyLogin" time="4.069"/>
  <system-out/>
</testsuite> <!-- com.Eficaz.Base.BaseClass -->
