<?xml version="1.0" encoding="UTF-8"?>
<!-- Generated by org.testng.reporters.JUnitReportReporter -->
<testsuite hostname="LERA-QA" failures="0" tests="1" name="com.Eficaz.TestCases.TC_Login_001" time="3.790" errors="0" timestamp="2022-11-10T10:20:30 IST" skipped="0">
  <testcase classname="com.Eficaz.TestCases.TC_Login_001" name="VefifyLogin" time="3.790"/>
  <system-out/>
</testsuite> <!-- com.Eficaz.TestCases.TC_Login_001 -->
